<?xml version="1.0" encoding="UTF-8"?>
<!-- Generated by org.testng.reporters.JUnitReportReporter -->
<testsuite skipped="0" hostname="DESKTOP-JEP0KT9" name="com.sa.happytrip.tests.testcases.TestCase_08" tests="1" failures="0" timestamp="2020-07-05T09:25:26 IST" time="22.261" errors="0">
  <testcase name="ReadData8" time="22.261" classname="com.sa.happytrip.tests.testcases.TestCase_08"/>
  <system-out/>
</testsuite> <!-- com.sa.happytrip.tests.testcases.TestCase_08 -->
