<?xml version="1.0" encoding="UTF-8"?>
<!-- Generated by org.testng.reporters.JUnitReportReporter -->
<testsuite skipped="0" hostname="DESKTOP-JEP0KT9" name="com.sa.happytrip.tests.testcases.TestCase_09" tests="1" failures="0" timestamp="2020-07-05T13:58:54 IST" time="27.303" errors="0">
  <testcase name="ReadData9" time="27.303" classname="com.sa.happytrip.tests.testcases.TestCase_09"/>
  <system-out/>
</testsuite> <!-- com.sa.happytrip.tests.testcases.TestCase_09 -->
