<?xml version="1.0" encoding="UTF-8"?>
<!-- Generated by org.testng.reporters.JUnitReportReporter -->
<testsuite skipped="0" hostname="DESKTOP-JEP0KT9" name="com.sa.happytrip.tests.testcases.TestCase_01" tests="1" failures="0" timestamp="2020-07-05T13:58:54 IST" time="62.759" errors="0">
  <testcase name="ReadData1" time="62.759" classname="com.sa.happytrip.tests.testcases.TestCase_01"/>
  <system-out/>
</testsuite> <!-- com.sa.happytrip.tests.testcases.TestCase_01 -->
